<?xml version='1.0' encoding='UTF-8'?>
<testsuite hostname="giridhar_laptop" name="FrizzyTest" tests="5" errors="0" failures="0" skipped="0" time="0.126" timestamp="2024-10-05T21:21:46">
          <properties>
[...]
</properties>
          <testcase classname="FrizzyTest" name="should assign and retrieve variables correctly" time="0.089">
                      
                    </testcase><testcase classname="FrizzyTest" name="should perform Union, Intersect, and XOR operation correctly" time="0.022">
                      
                    </testcase><testcase classname="FrizzyTest" name="should variable bindings should be consistent with Begin and End scopes" time="0.0">
                      
                    </testcase><testcase classname="FrizzyTest" name="should tests creation and invoking of named scopes, and sequence of operations" time="0.015">
                      
                    </testcase><testcase classname="FrizzyTest" name="should should obscure variables defined in invoked scopes from outside" time="0.0">
                      
                    </testcase>
          <system-out><![CDATA[]]></system-out>
          <system-err><![CDATA[]]></system-err>
        </testsuite>