<?xml version='1.0' encoding='UTF-8'?>
<testsuite hostname="giridhar_laptop" name="FrizzyTest" tests="5" errors="0" failures="0" skipped="0" time="0.084" timestamp="2024-11-28T14:09:57">
          <properties>
[...]
</properties>
          <testcase classname="FrizzyTest" name="should partially evaluate conditional expressions with unknown variables" time="0.062">
                      
                    </testcase><testcase classname="FrizzyTest" name="should partially evaluate method invocations with unknown arguments" time="0.022">
                      
                    </testcase><testcase classname="FrizzyTest" name="should correctly handle method overriding with partial evaluation in inheritance hierarchies" time="0.0">
                      
                    </testcase><testcase classname="FrizzyTest" name="should apply reduction rules and handle associativity in partial evaluations" time="0.0">
                      
                    </testcase><testcase classname="FrizzyTest" name="should partially evaluate method calls in inheritance hierarchies with dynamic dispatch" time="0.0">
                      
                    </testcase>
          <system-out><![CDATA[]]></system-out>
          <system-err><![CDATA[]]></system-err>
        </testsuite>